<?xml version="1.0" encoding="UTF-8"?>
<testng-results ignored="0" total="2" passed="0" failed="2" skipped="0">
  <reporter-output>
  </reporter-output>
  <suite started-at="2023-03-25T19:17:33Z" name="Default suite" finished-at="2023-03-25T19:17:37Z" duration-ms="3711">
    <groups>
    </groups>
    <test started-at="2023-03-25T19:17:33Z" name="Default test" finished-at="2023-03-25T19:17:37Z" duration-ms="3711">
      <class name="tests.AddCustomerCase">
        <test-method is-config="true" signature="Setup()[pri:0, instance:tests.AddCustomerCase@71329995]" started-at="2023-03-25T19:17:33Z" name="Setup" finished-at="2023-03-25T19:17:36Z" duration-ms="2570" status="PASS">
          <reporter-output>
          </reporter-output>
        </test-method> <!-- Setup -->
        <test-method signature="AddnewPlanRate(java.lang.String, java.lang.String, java.lang.String, java.lang.String, java.lang.String, java.lang.String, java.lang.String, java.lang.String, java.lang.String, java.lang.String, java.lang.String)[pri:0, instance:tests.AddCustomerCase@71329995]" started-at="2023-03-25T19:17:37Z" name="AddnewPlanRate" data-provider="AddCC" finished-at="2023-03-25T19:17:37Z" duration-ms="6" status="FAIL">
          <params>
            <param index="0">
              <value>
                <![CDATA[nmusallam]]>
              </value>
            </param>
            <param index="1">
              <value>
                <![CDATA[don1thack]]>
              </value>
            </param>
            <param index="2">
              <value>
                <![CDATA[53583863]]>
              </value>
            </param>
            <param index="3">
              <value>
                <![CDATA[oooozf]]>
              </value>
            </param>
            <param index="4">
              <value>
                <![CDATA[05/01/2020]]>
              </value>
            </param>
            <param index="5">
              <value>
                <![CDATA[11/01/2021]]>
              </value>
            </param>
            <param index="6">
              <value>
                <![CDATA[01/01/2021]]>
              </value>
            </param>
            <param index="7">
              <value>
                <![CDATA[Yes]]>
              </value>
            </param>
            <param index="8">
              <value>
                <![CDATA[At Date of Event]]>
              </value>
            </param>
            <param index="9">
              <value>
                <![CDATA[Customer Agents]]>
              </value>
            </param>
            <param index="10">
              <value>
                <![CDATA[CC1]]>
              </value>
            </param>
          </params>
          <exception class="java.lang.NullPointerException">
            <message>
              <![CDATA[Cannot invoke "org.openqa.selenium.WebDriver.findElement(org.openqa.selenium.By)" because "this.browserObject" is null]]>
            </message>
            <full-stacktrace>
              <![CDATA[java.lang.NullPointerException: Cannot invoke "org.openqa.selenium.WebDriver.findElement(org.openqa.selenium.By)" because "this.browserObject" is null
at pages.HiasLoginPage.Login(HiasLoginPage.java:28)
at tests.AddCustomerCase.AddnewPlanRate(AddCustomerCase.java:50)
at java.base/jdk.internal.reflect.NativeMethodAccessorImpl.invoke0(Native Method)
at java.base/jdk.internal.reflect.NativeMethodAccessorImpl.invoke(NativeMethodAccessorImpl.java:77)
at java.base/jdk.internal.reflect.DelegatingMethodAccessorImpl.invoke(DelegatingMethodAccessorImpl.java:43)
at java.base/java.lang.reflect.Method.invoke(Method.java:568)
at org.testng.internal.MethodInvocationHelper.invokeMethod(MethodInvocationHelper.java:124)
at org.testng.internal.Invoker.invokeMethod(Invoker.java:583)
at org.testng.internal.Invoker.invokeTestMethod(Invoker.java:719)
at org.testng.internal.Invoker.invokeTestMethods(Invoker.java:989)
at org.testng.internal.TestMethodWorker.invokeTestMethods(TestMethodWorker.java:125)
at org.testng.internal.TestMethodWorker.run(TestMethodWorker.java:109)
at org.testng.TestRunner.privateRun(TestRunner.java:648)
at org.testng.TestRunner.run(TestRunner.java:505)
at org.testng.SuiteRunner.runTest(SuiteRunner.java:455)
at org.testng.SuiteRunner.runSequentially(SuiteRunner.java:450)
at org.testng.SuiteRunner.privateRun(SuiteRunner.java:415)
at org.testng.SuiteRunner.run(SuiteRunner.java:364)
at org.testng.SuiteRunnerWorker.runSuite(SuiteRunnerWorker.java:52)
at org.testng.SuiteRunnerWorker.run(SuiteRunnerWorker.java:84)
at org.testng.TestNG.runSuitesSequentially(TestNG.java:1208)
at org.testng.TestNG.runSuitesLocally(TestNG.java:1137)
at org.testng.TestNG.runSuites(TestNG.java:1049)
at org.testng.TestNG.run(TestNG.java:1017)
at org.testng.remote.AbstractRemoteTestNG.run(AbstractRemoteTestNG.java:115)
at org.testng.remote.RemoteTestNG.initAndRun(RemoteTestNG.java:251)
at org.testng.remote.RemoteTestNG.main(RemoteTestNG.java:77)
]]>
            </full-stacktrace>
          </exception> <!-- java.lang.NullPointerException -->
          <reporter-output>
          </reporter-output>
        </test-method> <!-- AddnewPlanRate -->
        <test-method signature="AddnewPlanRate(java.lang.String, java.lang.String, java.lang.String, java.lang.String, java.lang.String, java.lang.String, java.lang.String, java.lang.String, java.lang.String, java.lang.String, java.lang.String)[pri:0, instance:tests.AddCustomerCase@71329995]" started-at="2023-03-25T19:17:37Z" name="AddnewPlanRate" data-provider="AddCC" finished-at="2023-03-25T19:17:37Z" duration-ms="2" status="FAIL">
          <params>
            <param index="0">
              <value>
                <![CDATA[nmusallam]]>
              </value>
            </param>
            <param index="1">
              <value>
                <![CDATA[don1thack]]>
              </value>
            </param>
            <param index="2">
              <value>
                <![CDATA[53583863]]>
              </value>
            </param>
            <param index="3">
              <value>
                <![CDATA[oooozf]]>
              </value>
            </param>
            <param index="4">
              <value>
                <![CDATA[05/01/2020]]>
              </value>
            </param>
            <param index="5">
              <value>
                <![CDATA[11/01/2021]]>
              </value>
            </param>
            <param index="6">
              <value>
                <![CDATA[01/01/2021]]>
              </value>
            </param>
            <param index="7">
              <value>
                <![CDATA[No]]>
              </value>
            </param>
            <param index="8">
              <value>
                <![CDATA[At Date of Renewal]]>
              </value>
            </param>
            <param index="9">
              <value>
                <![CDATA[Customer Agents]]>
              </value>
            </param>
            <param index="10">
              <value>
                <![CDATA[CC2]]>
              </value>
            </param>
          </params>
          <exception class="java.lang.NullPointerException">
            <message>
              <![CDATA[Cannot invoke "org.openqa.selenium.WebDriver.findElement(org.openqa.selenium.By)" because "this.browserObject" is null]]>
            </message>
            <full-stacktrace>
              <![CDATA[java.lang.NullPointerException: Cannot invoke "org.openqa.selenium.WebDriver.findElement(org.openqa.selenium.By)" because "this.browserObject" is null
at pages.HiasLoginPage.Login(HiasLoginPage.java:28)
at tests.AddCustomerCase.AddnewPlanRate(AddCustomerCase.java:50)
at java.base/jdk.internal.reflect.NativeMethodAccessorImpl.invoke0(Native Method)
at java.base/jdk.internal.reflect.NativeMethodAccessorImpl.invoke(NativeMethodAccessorImpl.java:77)
at java.base/jdk.internal.reflect.DelegatingMethodAccessorImpl.invoke(DelegatingMethodAccessorImpl.java:43)
at java.base/java.lang.reflect.Method.invoke(Method.java:568)
at org.testng.internal.MethodInvocationHelper.invokeMethod(MethodInvocationHelper.java:124)
at org.testng.internal.Invoker.invokeMethod(Invoker.java:583)
at org.testng.internal.Invoker.invokeTestMethod(Invoker.java:719)
at org.testng.internal.Invoker.invokeTestMethods(Invoker.java:989)
at org.testng.internal.TestMethodWorker.invokeTestMethods(TestMethodWorker.java:125)
at org.testng.internal.TestMethodWorker.run(TestMethodWorker.java:109)
at org.testng.TestRunner.privateRun(TestRunner.java:648)
at org.testng.TestRunner.run(TestRunner.java:505)
at org.testng.SuiteRunner.runTest(SuiteRunner.java:455)
at org.testng.SuiteRunner.runSequentially(SuiteRunner.java:450)
at org.testng.SuiteRunner.privateRun(SuiteRunner.java:415)
at org.testng.SuiteRunner.run(SuiteRunner.java:364)
at org.testng.SuiteRunnerWorker.runSuite(SuiteRunnerWorker.java:52)
at org.testng.SuiteRunnerWorker.run(SuiteRunnerWorker.java:84)
at org.testng.TestNG.runSuitesSequentially(TestNG.java:1208)
at org.testng.TestNG.runSuitesLocally(TestNG.java:1137)
at org.testng.TestNG.runSuites(TestNG.java:1049)
at org.testng.TestNG.run(TestNG.java:1017)
at org.testng.remote.AbstractRemoteTestNG.run(AbstractRemoteTestNG.java:115)
at org.testng.remote.RemoteTestNG.initAndRun(RemoteTestNG.java:251)
at org.testng.remote.RemoteTestNG.main(RemoteTestNG.java:77)
]]>
            </full-stacktrace>
          </exception> <!-- java.lang.NullPointerException -->
          <reporter-output>
          </reporter-output>
        </test-method> <!-- AddnewPlanRate -->
      </class> <!-- tests.AddCustomerCase -->
    </test> <!-- Default test -->
  </suite> <!-- Default suite -->
</testng-results>
